%!Adobe-FontList 1.16
%Locale:0x413

%BeginFont
Handler:DirectoryHandler
FontType:TrueType
FontName:Helvetica-Black
FamilyName:Helvetica Black
StyleName:Regular
FullName:Helvetica Black
MenuName:Helvetica Black
StyleBits:0
WritingScript:Roman
OutlineFileName:C:\Users\Matthijs\Desktop\Larafilm Mailticket\Document fonts\Helvetica Black.ttf
DataFormat:sfntData
FileLength:41540
FileModTime:1474044092
WeightClass:400
WidthClass:5
AngleClass:0
NameArray:0,Mac,4,Helvetica Black
NameArray:0,Win,1,Helvetica Black
%EndFont

%BeginFont
Handler:DirectoryHandler
FontType:Type1
FontName:HelveticaNeue-Medium
FamilyName:Helvetica Neue
StyleName:Medium
FullName:Helvetica Neue Medium
MenuName:Helvetica Neue
StyleBits:0
WritingScript:Roman
OutlineFileName:C:\Users\Matthijs\Desktop\Larafilm Mailticket\Document fonts\HelveticaNeue-Medium.otf
DataFormat:sfntData
UsesStandardEncoding:yes
isCFF:yes
FileLength:268612
FileModTime:1514110630
WeightClass:500
WidthClass:5
AngleClass:0
NameArray:0,Mac,4,Helvetica Neue Medium
NameArray:0,Win,1,Helvetica Neue
%EndFont

%BeginFont
Handler:DirectoryHandler
FontType:Type1
FontName:MinionPro-Regular
FamilyName:Minion Pro
StyleName:Regular
FullName:Minion Pro
MenuName:Minion Pro
StyleBits:0
WritingScript:Roman
OutlineFileName:C:\Users\Matthijs\Desktop\Larafilm Mailticket\Document fonts\MinionPro-Regular.otf
DataFormat:sfntData
UsesStandardEncoding:yes
isCFF:yes
FileLength:218640
FileModTime:1361528180
WeightClass:400
WidthClass:5
AngleClass:0
DesignSize:110
NameArray:0,Mac,4,Minion Pro
NameArray:0,Win,1,Minion Pro
%EndFont

